> Task :compileJava UP-TO-DATE
> Task :processResources UP-TO-DATE
> Task :classes UP-TO-DATE
> Task :resolveMainClassName UP-TO-DATE

> Task :bootRun FAILED

  .   ____          _            __ _ _
 /\\ / ___'_ __ _ _(_)_ __  __ _ \ \ \ \
( ( )\___ | '_ | '_| | '_ \/ _` | \ \ \ \
 \\/  ___)| |_)| | | | | || (_| |  ) ) ) )
  '  |____| .__|_| |_|_| |_\__, | / / / /
 =========|_|==============|___/=/_/_/_/

 :: Spring Boot ::                (v4.0.1)

2026-01-09T18:02:13.873+01:00  INFO 32165 --- [CareerTracker] [           main] VaLocaProject.CareerTrackerApplication   : Starting CareerTrackerApplication using Java 21.0.8 with PID 32165 (/Users/luca/Documents/SideQuests/career-tracker/build/classes/java/main started by luca in /Users/luca/Documents/SideQuests/career-tracker)
2026-01-09T18:02:13.874+01:00  INFO 32165 --- [CareerTracker] [           main] VaLocaProject.CareerTrackerApplication   : No active profile set, falling back to 1 default profile: "default"
2026-01-09T18:02:14.041+01:00  INFO 32165 --- [CareerTracker] [           main] .s.d.r.c.RepositoryConfigurationDelegate : Bootstrapping Spring Data JPA repositories in DEFAULT mode.
2026-01-09T18:02:14.055+01:00  INFO 32165 --- [CareerTracker] [           main] .s.d.r.c.RepositoryConfigurationDelegate : Finished Spring Data repository scanning in 12 ms. Found 3 JPA repository interfaces.
2026-01-09T18:02:14.170+01:00  INFO 32165 --- [CareerTracker] [           main] o.s.boot.tomcat.TomcatWebServer          : Tomcat initialized with port 8080 (http)
2026-01-09T18:02:14.175+01:00  INFO 32165 --- [CareerTracker] [           main] o.apache.catalina.core.StandardService   : Starting service [Tomcat]
2026-01-09T18:02:14.175+01:00  INFO 32165 --- [CareerTracker] [           main] o.apache.catalina.core.StandardEngine    : Starting Servlet engine: [Apache Tomcat/11.0.15]
2026-01-09T18:02:14.190+01:00  INFO 32165 --- [CareerTracker] [           main] b.w.c.s.WebApplicationContextInitializer : Root WebApplicationContext: initialization completed in 301 ms
2026-01-09T18:02:14.229+01:00  INFO 32165 --- [CareerTracker] [           main] com.zaxxer.hikari.HikariDataSource       : HikariPool-1 - Starting...
2026-01-09T18:02:14.668+01:00  INFO 32165 --- [CareerTracker] [           main] com.zaxxer.hikari.pool.HikariPool        : HikariPool-1 - Added connection org.postgresql.jdbc.PgConnection@5c059a68
2026-01-09T18:02:14.669+01:00  INFO 32165 --- [CareerTracker] [           main] com.zaxxer.hikari.HikariDataSource       : HikariPool-1 - Start completed.
2026-01-09T18:02:14.683+01:00  INFO 32165 --- [CareerTracker] [           main] org.hibernate.orm.jpa                    : HHH008540: Processing PersistenceUnitInfo [name: default]
2026-01-09T18:02:14.701+01:00  INFO 32165 --- [CareerTracker] [           main] org.hibernate.orm.core                   : HHH000001: Hibernate ORM core version 7.2.0.Final
2026-01-09T18:02:14.828+01:00  INFO 32165 --- [CareerTracker] [           main] o.s.o.j.p.SpringPersistenceUnitInfo      : No LoadTimeWeaver setup: ignoring JPA class transformer
2026-01-09T18:02:15.056+01:00  INFO 32165 --- [CareerTracker] [           main] org.hibernate.orm.connections.pooling    : HHH10001005: Database info:
	Database JDBC URL [jdbc:postgresql://career-tracker-loca2gaming-18ad.g.aivencloud.com:13765/defaultdb?sslmode=require]
	Database driver: PostgreSQL JDBC Driver
	Database dialect: PostgreSQLDialect
	Database version: 17.7
	Default catalog/schema: defaultdb/public
	Autocommit mode: undefined/unknown
	Isolation level: READ_COMMITTED [default READ_COMMITTED]
	JDBC fetch size: none
	Pool: DataSourceConnectionProvider
	Minimum pool size: undefined/unknown
	Maximum pool size: undefined/unknown
2026-01-09T18:02:15.332+01:00  INFO 32165 --- [CareerTracker] [           main] org.hibernate.orm.core                   : HHH000489: No JTA platform available (set 'hibernate.transaction.jta.platform' to enable JTA platform integration)
2026-01-09T18:02:15.335+01:00  INFO 32165 --- [CareerTracker] [           main] j.LocalContainerEntityManagerFactoryBean : Initialized JPA EntityManagerFactory for persistence unit 'default'
2026-01-09T18:02:15.361+01:00  INFO 32165 --- [CareerTracker] [           main] o.s.d.j.r.query.QueryEnhancerFactories   : Hibernate is in classpath; If applicable, HQL parser will be used.
2026-01-09T18:02:15.425+01:00  WARN 32165 --- [CareerTracker] [           main] JpaBaseConfiguration$JpaWebConfiguration : spring.jpa.open-in-view is enabled by default. Therefore, database queries may be performed during view rendering. Explicitly configure spring.jpa.open-in-view to disable this warning
2026-01-09T18:02:15.431+01:00  INFO 32165 --- [CareerTracker] [           main] o.s.b.w.a.WelcomePageHandlerMapping      : Adding welcome page: class path resource [static/index.html]
2026-01-09T18:02:15.515+01:00  WARN 32165 --- [CareerTracker] [           main] ConfigServletWebServerApplicationContext : Exception encountered during context initialization - cancelling refresh attempt: org.springframework.context.ApplicationContextException: Failed to start bean 'webServerStartStop'
2026-01-09T18:02:15.516+01:00  INFO 32165 --- [CareerTracker] [           main] j.LocalContainerEntityManagerFactoryBean : Closing JPA EntityManagerFactory for persistence unit 'default'
2026-01-09T18:02:15.516+01:00  INFO 32165 --- [CareerTracker] [           main] com.zaxxer.hikari.HikariDataSource       : HikariPool-1 - Shutdown initiated...
2026-01-09T18:02:15.636+01:00  INFO 32165 --- [CareerTracker] [           main] com.zaxxer.hikari.HikariDataSource       : HikariPool-1 - Shutdown completed.
2026-01-09T18:02:15.641+01:00  INFO 32165 --- [CareerTracker] [           main] .s.b.a.l.ConditionEvaluationReportLogger : 

Error starting ApplicationContext. To display the condition evaluation report re-run your application with 'debug' enabled.
2026-01-09T18:02:15.646+01:00 ERROR 32165 --- [CareerTracker] [           main] o.s.b.d.LoggingFailureAnalysisReporter   : 

***************************
APPLICATION FAILED TO START
***************************

Description:

Web server failed to start. Port 8080 was already in use.

Action:

Identify and stop the process that's listening on port 8080 or configure this application to listen on another port.


FAILURE: Build failed with an exception.

* What went wrong:
Execution failed for task ':bootRun'.
> Process 'comm2026-01-09T18:02:18.144+01:00  WARN 30125 --- [CareerTracker] [io-8080-exec-10] .w.s.m.s.DefaultHandlerExceptionResolver : Resolved [org.springframework.http.converter.HttpMessageNotReadableException: JSON parse error: Cannot map `null` into type `long` (set DeserializationConfig.DeserializationFeature.FAIL_ON_NULL_FOR_PRIMITIVES to 'false' to allow)]
2026-01-09T18:03:44.152+01:00  INFO 30125 --- [CareerTracker] [ionShutdownHook] o.s.boot.tomcat.GracefulShutdown         : Commencing graceful shutdown. Waiting for active requests to complete
2026-01-09T18:03:44.157+01:00  INFO 30125 --- [CareerTracker] [tomcat-shutdown] o.s.boot.tomcat.GracefulShutdown         : Graceful shutdown complete
2026-01-09T18:03:44.160+01:00  INFO 30125 --- [CareerTracker] [ionShutdownHook] j.LocalContainerEntityManagerFactoryBean : Closing JPA EntityManagerFactory for persistence unit 'default'
2026-01-09T18:03:44.162+01:00  INFO 30125 --- [CareerTracker] [ionShutdownHook] com.zaxxer.hikari.HikariDataSource       : HikariPool-1 - Shutdown initiated...
2026-01-09T18:03:44.482+01:00  INFO 30125 --- [CareerTracker] [ionShutdownHook] com.zaxxer.hikari.HikariDataSource       : HikariPool-1 - Shutdown completed.

> Task :bootRun FAILED

FAILURE: Build failed with an exception.

* What went wrong:
Execution failed for task ':bootRun'.
> Process 'command '/Users/luca/.sdkman/candidates/java/21.0.8-tem/bin/java'' finished with non-zero exit value 143

* Try:
> Run with --stacktrace option to get the stack trace.
> Run with --info or --debug option to get more log output.
> Run with --scan to generate a Build Scan (powered by Develocity).
> Get more help at https://help.gradle.org.

BUILD FAILED in 6m 33s
4 actionable tasks: 1 executed, 3 up-to-date
